生成启动时间为 2015/2/6 14:55:10。
     1>项目“F:\chenglong\GitHub\maomaolong\lua\lua\lua.vcxproj”在节点 2 上(Build 个目标)。
     1>ClCompile:
         F:\chenglong\ProgramFiles\VS2013\VC\bin\CL.exe /c /ZI /nologo /W3 /WX- /Od /Oy- /D WIN32 /D _DEBUG /D _CONSOLE /D _LIB /D _UNICODE /D UNICODE /Gm /EHsc /RTC1 /MDd /GS /fp:precise /Zc:wchar_t /Zc:forScope /Fo"Debug\\" /Fd"Debug\vc120.pdb" /Gd /TC /analyze- /errorReport:prompt read_dir.c
         read_dir.c
     1>f:\chenglong\github\maomaolong\lua\lua\read_dir.c(18): warning C4996: 'strerror': This function or variable may be unsafe. Consider using strerror_s instead. To disable deprecation, use _CRT_SECURE_NO_WARNINGS. See online help for details.
                 f:\chenglong\programfiles\vs2013\vc\include\string.h(168) : 参见“strerror”的声明
       Link:
         F:\chenglong\ProgramFiles\VS2013\VC\bin\link.exe /ERRORREPORT:PROMPT /OUT:"F:\chenglong\GitHub\maomaolong\lua\Debug\lua.exe" /INCREMENTAL /NOLOGO kernel32.lib user32.lib gdi32.lib winspool.lib comdlg32.lib advapi32.lib shell32.lib ole32.lib oleaut32.lib uuid.lib odbc32.lib odbccp32.lib /MANIFEST /MANIFESTUAC:"level='asInvoker' uiAccess='false'" /manifest:embed /DEBUG /PDB:"F:\chenglong\GitHub\maomaolong\lua\Debug\lua.pdb" /SUBSYSTEM:CONSOLE /TLBID:1 /DYNAMICBASE /NXCOMPAT /IMPLIB:"F:\chenglong\GitHub\maomaolong\lua\Debug\lua.lib" /MACHINE:X86 Debug\call_va.obj
         Debug\error.obj
         Debug\func_opt.obj
         Debug\interpreter.obj
         Debug\lapi.obj
         Debug\lauxlib.obj
         Debug\lbaselib.obj
         Debug\lbitlib.obj
         Debug\lcode.obj
         Debug\lcorolib.obj
         Debug\lctype.obj
         Debug\ldblib.obj
         Debug\ldebug.obj
         Debug\ldo.obj
         Debug\ldump.obj
         Debug\lfunc.obj
         Debug\lgc.obj
         Debug\linit.obj
         Debug\liolib.obj
         Debug\llex.obj
         Debug\lmathlib.obj
         Debug\lmem.obj
         Debug\loadlib.obj
         Debug\load_conf.obj
         Debug\lobject.obj
         Debug\lopcodes.obj
         Debug\loslib.obj
         Debug\lparser.obj
         Debug\lstate.obj
         Debug\lstring.obj
         Debug\lstrlib.obj
         Debug\ltable.obj
         Debug\ltablib.obj
         Debug\ltm.obj
         Debug\lua.obj
         Debug\luac.obj
         Debug\lundump.obj
         Debug\lutf8lib.obj
         Debug\lvm.obj
         Debug\lzio.obj
         Debug\main.obj
         Debug\read_dir.obj
         Debug\stack_dump.obj
         Debug\stack_opt.obj
         Debug\table_opt.obj
         Debug\varargs.obj
         lua.vcxproj -> F:\chenglong\GitHub\maomaolong\lua\Debug\lua.exe
     1>已完成生成项目“F:\chenglong\GitHub\maomaolong\lua\lua\lua.vcxproj”(Build 个目标)的操作。

生成成功。

已用时间 00:00:00.77
