f:\chenglong\github\maomaolong\lua\lua\debug\vc120.pdb
f:\chenglong\github\maomaolong\lua\lua\debug\vc120.idb
f:\chenglong\github\maomaolong\lua\lua\debug\lopcodes.obj
f:\chenglong\github\maomaolong\lua\lua\debug\loslib.obj
f:\chenglong\github\maomaolong\lua\lua\debug\lparser.obj
f:\chenglong\github\maomaolong\lua\lua\debug\lstate.obj
f:\chenglong\github\maomaolong\lua\lua\debug\lstring.obj
f:\chenglong\github\maomaolong\lua\lua\debug\lstrlib.obj
f:\chenglong\github\maomaolong\lua\lua\debug\ltable.obj
f:\chenglong\github\maomaolong\lua\lua\debug\ltablib.obj
f:\chenglong\github\maomaolong\lua\lua\debug\ltm.obj
f:\chenglong\github\maomaolong\lua\lua\debug\lua.obj
f:\chenglong\github\maomaolong\lua\lua\debug\luac.obj
f:\chenglong\github\maomaolong\lua\lua\debug\lundump.obj
f:\chenglong\github\maomaolong\lua\lua\debug\lutf8lib.obj
f:\chenglong\github\maomaolong\lua\lua\debug\lvm.obj
f:\chenglong\github\maomaolong\lua\lua\debug\lzio.obj
f:\chenglong\github\maomaolong\lua\lua\debug\main.obj
f:\chenglong\github\maomaolong\lua\lua\debug\stack_dump.obj
f:\chenglong\github\maomaolong\lua\lua\debug\stack_opt.obj
f:\chenglong\github\maomaolong\lua\lua\debug\table_opt.obj
f:\chenglong\github\maomaolong\lua\lua\debug\varargs.obj
f:\chenglong\github\maomaolong\lua\lua\debug\lauxlib.obj
f:\chenglong\github\maomaolong\lua\lua\debug\lbaselib.obj
f:\chenglong\github\maomaolong\lua\lua\debug\lbitlib.obj
f:\chenglong\github\maomaolong\lua\lua\debug\lcode.obj
f:\chenglong\github\maomaolong\lua\lua\debug\lcorolib.obj
f:\chenglong\github\maomaolong\lua\lua\debug\lctype.obj
f:\chenglong\github\maomaolong\lua\lua\debug\ldblib.obj
f:\chenglong\github\maomaolong\lua\lua\debug\ldebug.obj
f:\chenglong\github\maomaolong\lua\lua\debug\ldo.obj
f:\chenglong\github\maomaolong\lua\lua\debug\ldump.obj
f:\chenglong\github\maomaolong\lua\lua\debug\lfunc.obj
f:\chenglong\github\maomaolong\lua\lua\debug\lgc.obj
f:\chenglong\github\maomaolong\lua\lua\debug\linit.obj
f:\chenglong\github\maomaolong\lua\lua\debug\liolib.obj
f:\chenglong\github\maomaolong\lua\lua\debug\llex.obj
f:\chenglong\github\maomaolong\lua\lua\debug\lmathlib.obj
f:\chenglong\github\maomaolong\lua\lua\debug\lmem.obj
f:\chenglong\github\maomaolong\lua\lua\debug\loadlib.obj
f:\chenglong\github\maomaolong\lua\lua\debug\load_conf.obj
f:\chenglong\github\maomaolong\lua\lua\debug\lobject.obj
f:\chenglong\github\maomaolong\lua\lua\debug\interpreter.obj
f:\chenglong\github\maomaolong\lua\lua\debug\lapi.obj
f:\chenglong\github\maomaolong\lua\lua\debug\error.obj
f:\chenglong\github\maomaolong\lua\lua\debug\func_opt.obj
f:\chenglong\github\maomaolong\lua\lua\debug\call_va.obj
f:\chenglong\github\maomaolong\lua\debug\lua.ilk
f:\chenglong\github\maomaolong\lua\debug\lua.exe
f:\chenglong\github\maomaolong\lua\debug\lua.pdb
f:\chenglong\github\maomaolong\lua\lua\debug\lua.tlog\cl.command.1.tlog
f:\chenglong\github\maomaolong\lua\lua\debug\lua.tlog\cl.read.1.tlog
f:\chenglong\github\maomaolong\lua\lua\debug\lua.tlog\cl.write.1.tlog
f:\chenglong\github\maomaolong\lua\lua\debug\lua.tlog\link.command.1.tlog
f:\chenglong\github\maomaolong\lua\lua\debug\lua.tlog\link.read.1.tlog
f:\chenglong\github\maomaolong\lua\lua\debug\lua.tlog\link.write.1.tlog
